<?xml version="1.0" encoding="UTF-8"?>
<coverage generated="1690534851703" clover="3.2.0">
  <project timestamp="1690534851704" name="All files">
    <metrics statements="22" coveredstatements="22" conditionals="0" coveredconditionals="0" methods="11" coveredmethods="11" elements="33" coveredelements="33" complexity="0" loc="22" ncloc="22" packages="1" files="4" classes="4"/>
    <file name="calorieCountMax.ts" path="/home/nicole/dev/advent-of-code/2022/day1/calorieCountMax.ts">
      <metrics statements="1" coveredstatements="1" conditionals="0" coveredconditionals="0" methods="1" coveredmethods="1"/>
      <line num="2" count="1" type="stmt"/>
    </file>
    <file name="countAllCaloriesAndSort.ts" path="/home/nicole/dev/advent-of-code/2022/day1/countAllCaloriesAndSort.ts">
      <metrics statements="10" coveredstatements="10" conditionals="0" coveredconditionals="0" methods="4" coveredmethods="4"/>
      <line num="4" count="1" type="stmt"/>
      <line num="5" count="1" type="stmt"/>
      <line num="7" count="1" type="stmt"/>
      <line num="8" count="5" type="stmt"/>
      <line num="9" count="14" type="stmt"/>
      <line num="11" count="5" type="stmt"/>
      <line num="12" count="5" type="stmt"/>
      <line num="14" count="1" type="stmt"/>
      <line num="15" count="7" type="stmt"/>
      <line num="18" count="1" type="stmt"/>
    </file>
    <file name="highestThreeCalories.ts" path="/home/nicole/dev/advent-of-code/2022/day1/highestThreeCalories.ts">
      <metrics statements="5" coveredstatements="5" conditionals="0" coveredconditionals="0" methods="2" coveredmethods="2"/>
      <line num="2" count="1" type="stmt"/>
      <line num="4" count="1" type="stmt"/>
      <line num="5" count="1" type="stmt"/>
      <line num="6" count="3" type="stmt"/>
      <line num="9" count="1" type="stmt"/>
    </file>
    <file name="parseCalories.ts" path="/home/nicole/dev/advent-of-code/2022/day1/parseCalories.ts">
      <metrics statements="6" coveredstatements="6" conditionals="0" coveredconditionals="0" methods="4" coveredmethods="4"/>
      <line num="3" count="1" type="stmt"/>
      <line num="4" count="1" type="stmt"/>
      <line num="8" count="1" type="stmt"/>
      <line num="9" count="3" type="stmt"/>
      <line num="11" count="1" type="stmt"/>
      <line num="12" count="10" type="stmt"/>
    </file>
  </project>
</coverage>
