{"/home/nicole/dev/advent-of-code/2022/day1/calorieCountMax.ts": {"path":"/home/nicole/dev/advent-of-code/2022/day1/calorieCountMax.ts","statementMap":{"0":{"start":{"line":2,"column":2},"end":{"line":2,"column":40}}},"fnMap":{"0":{"name":"countMaxCalories","decl":{"start":{"line":1,"column":16},"end":{"line":1,"column":32}},"loc":{"start":{"line":1,"column":62},"end":{"line":3,"column":1}},"line":1}},"branchMap":{},"s":{"0":1},"f":{"0":1},"b":{},"_coverageSchema":"1a1c01bbd47fc00a2c39e90264f33305004495a9","hash":"f4aa3e843d680e9410748e252550412e6ec8cff5"}
,"/home/nicole/dev/advent-of-code/2022/day1/countAllCaloriesAndSort.ts": {"path":"/home/nicole/dev/advent-of-code/2022/day1/countAllCaloriesAndSort.ts","statementMap":{"0":{"start":{"line":4,"column":36},"end":{"line":4,"column":37}},"1":{"start":{"line":5,"column":31},"end":{"line":5,"column":33}},"2":{"start":{"line":7,"column":2},"end":{"line":13,"column":5}},"3":{"start":{"line":8,"column":4},"end":{"line":10,"column":7}},"4":{"start":{"line":9,"column":6},"end":{"line":9,"column":38}},"5":{"start":{"line":11,"column":4},"end":{"line":11,"column":43}},"6":{"start":{"line":12,"column":4},"end":{"line":12,"column":28}},"7":{"start":{"line":14,"column":39},"end":{"line":16,"column":3}},"8":{"start":{"line":15,"column":24},"end":{"line":15,"column":29}},"9":{"start":{"line":18,"column":2},"end":{"line":18,"column":28}}},"fnMap":{"0":{"name":"countAllCaloriesAndSort","decl":{"start":{"line":3,"column":16},"end":{"line":3,"column":39}},"loc":{"start":{"line":3,"column":72},"end":{"line":19,"column":1}},"line":3},"1":{"name":"(anonymous_1)","decl":{"start":{"line":7,"column":25},"end":{"line":7,"column":26}},"loc":{"start":{"line":7,"column":34},"end":{"line":13,"column":3}},"line":7},"2":{"name":"(anonymous_2)","decl":{"start":{"line":8,"column":16},"end":{"line":8,"column":17}},"loc":{"start":{"line":8,"column":30},"end":{"line":10,"column":5}},"line":8},"3":{"name":"(anonymous_3)","decl":{"start":{"line":15,"column":4},"end":{"line":15,"column":5}},"loc":{"start":{"line":15,"column":24},"end":{"line":15,"column":29}},"line":15}},"branchMap":{},"s":{"0":1,"1":1,"2":1,"3":5,"4":14,"5":5,"6":5,"7":1,"8":7,"9":1},"f":{"0":1,"1":5,"2":14,"3":7},"b":{},"_coverageSchema":"1a1c01bbd47fc00a2c39e90264f33305004495a9","hash":"447210aae09f33e942fb23002e7ed29a2be3e8d5"}
,"/home/nicole/dev/advent-of-code/2022/day1/highestThreeCalories.ts": {"path":"/home/nicole/dev/advent-of-code/2022/day1/highestThreeCalories.ts","statementMap":{"0":{"start":{"line":2,"column":27},"end":{"line":2,"column":28}},"1":{"start":{"line":4,"column":38},"end":{"line":4,"column":66}},"2":{"start":{"line":5,"column":2},"end":{"line":7,"column":5}},"3":{"start":{"line":6,"column":4},"end":{"line":6,"column":22}},"4":{"start":{"line":9,"column":2},"end":{"line":9,"column":20}}},"fnMap":{"0":{"name":"sumHighestThreeCalories","decl":{"start":{"line":1,"column":16},"end":{"line":1,"column":39}},"loc":{"start":{"line":1,"column":70},"end":{"line":10,"column":1}},"line":1},"1":{"name":"(anonymous_1)","decl":{"start":{"line":5,"column":28},"end":{"line":5,"column":29}},"loc":{"start":{"line":5,"column":45},"end":{"line":7,"column":3}},"line":5}},"branchMap":{},"s":{"0":1,"1":1,"2":1,"3":3,"4":1},"f":{"0":1,"1":3},"b":{},"_coverageSchema":"1a1c01bbd47fc00a2c39e90264f33305004495a9","hash":"dd261dbe5bfa0ccd01e9160870bf9f3927ca3649"}
,"/home/nicole/dev/advent-of-code/2022/day1/parseCalories.ts": {"path":"/home/nicole/dev/advent-of-code/2022/day1/parseCalories.ts","statementMap":{"0":{"start":{"line":3,"column":29},"end":{"line":14,"column":1}},"1":{"start":{"line":4,"column":20},"end":{"line":6,"column":15}},"2":{"start":{"line":8,"column":17},"end":{"line":8,"column":40}},"3":{"start":{"line":9,"column":25},"end":{"line":9,"column":71}},"4":{"start":{"line":9,"column":50},"end":{"line":9,"column":70}},"5":{"start":{"line":11,"column":2},"end":{"line":13,"column":4}},"6":{"start":{"line":12,"column":4},"end":{"line":12,"column":55}},"7":{"start":{"line":12,"column":36},"end":{"line":12,"column":54}}},"fnMap":{"0":{"name":"(anonymous_0)","decl":{"start":{"line":3,"column":29},"end":{"line":3,"column":30}},"loc":{"start":{"line":3,"column":68},"end":{"line":14,"column":1}},"line":3},"1":{"name":"(anonymous_1)","decl":{"start":{"line":9,"column":36},"end":{"line":9,"column":37}},"loc":{"start":{"line":9,"column":50},"end":{"line":9,"column":70}},"line":9},"2":{"name":"(anonymous_2)","decl":{"start":{"line":11,"column":28},"end":{"line":11,"column":29}},"loc":{"start":{"line":12,"column":4},"end":{"line":12,"column":55}},"line":12},"3":{"name":"(anonymous_3)","decl":{"start":{"line":12,"column":22},"end":{"line":12,"column":23}},"loc":{"start":{"line":12,"column":36},"end":{"line":12,"column":54}},"line":12}},"branchMap":{},"s":{"0":1,"1":1,"2":1,"3":1,"4":3,"5":1,"6":3,"7":10},"f":{"0":1,"1":3,"2":3,"3":10},"b":{},"_coverageSchema":"1a1c01bbd47fc00a2c39e90264f33305004495a9","hash":"70e64f157524267589ffcfb4fd59178ec87b005a"}
,"/home/nicole/dev/advent-of-code/2022/day2/countScoreFromPairs.ts": {"path":"/home/nicole/dev/advent-of-code/2022/day2/countScoreFromPairs.ts","statementMap":{"0":{"start":{"line":1,"column":35},"end":{"line":21,"column":1}},"1":{"start":{"line":2,"column":33},"end":{"line":12,"column":3}},"2":{"start":{"line":13,"column":27},"end":{"line":13,"column":28}},"3":{"start":{"line":15,"column":2},"end":{"line":19,"column":5}},"4":{"start":{"line":16,"column":4},"end":{"line":18,"column":5}},"5":{"start":{"line":17,"column":6},"end":{"line":17,"column":44}},"6":{"start":{"line":20,"column":2},"end":{"line":20,"column":24}}},"fnMap":{"0":{"name":"(anonymous_0)","decl":{"start":{"line":1,"column":35},"end":{"line":1,"column":36}},"loc":{"start":{"line":1,"column":63},"end":{"line":21,"column":1}},"line":1},"1":{"name":"(anonymous_1)","decl":{"start":{"line":15,"column":21},"end":{"line":15,"column":22}},"loc":{"start":{"line":15,"column":36},"end":{"line":19,"column":3}},"line":15}},"branchMap":{"0":{"loc":{"start":{"line":16,"column":4},"end":{"line":18,"column":5}},"type":"if","locations":[{"start":{"line":16,"column":4},"end":{"line":18,"column":5}},{"start":{},"end":{}}],"line":16}},"s":{"0":1,"1":1,"2":1,"3":1,"4":5,"5":5,"6":1},"f":{"0":1,"1":5},"b":{"0":[5,0]},"_coverageSchema":"1a1c01bbd47fc00a2c39e90264f33305004495a9","hash":"6201c5b5e5fcbfe2848054740f35945ba5099f43"}
,"/home/nicole/dev/advent-of-code/2022/day2/parseEncodedMoves.ts": {"path":"/home/nicole/dev/advent-of-code/2022/day2/parseEncodedMoves.ts","statementMap":{"0":{"start":{"line":3,"column":33},"end":{"line":12,"column":1}},"1":{"start":{"line":4,"column":21},"end":{"line":4,"column":78}},"2":{"start":{"line":6,"column":23},"end":{"line":6,"column":45}},"3":{"start":{"line":7,"column":21},"end":{"line":9,"column":4}},"4":{"start":{"line":8,"column":4},"end":{"line":8,"column":28}},"5":{"start":{"line":11,"column":2},"end":{"line":11,"column":20}}},"fnMap":{"0":{"name":"(anonymous_0)","decl":{"start":{"line":3,"column":33},"end":{"line":3,"column":34}},"loc":{"start":{"line":3,"column":60},"end":{"line":12,"column":1}},"line":3},"1":{"name":"(anonymous_1)","decl":{"start":{"line":7,"column":38},"end":{"line":7,"column":39}},"loc":{"start":{"line":7,"column":48},"end":{"line":9,"column":3}},"line":7}},"branchMap":{},"s":{"0":1,"1":1,"2":1,"3":1,"4":5,"5":1},"f":{"0":1,"1":5},"b":{},"_coverageSchema":"1a1c01bbd47fc00a2c39e90264f33305004495a9","hash":"654c5ae9211c683e61ff83f9f450fbbf7b6c2fdc"}
}
