TN:
SF:day1/calorieCountMax.ts
FN:1,countMaxCalories
FNF:1
FNH:1
FNDA:1,countMaxCalories
DA:2,1
LF:1
LH:1
BRF:0
BRH:0
end_of_record
TN:
SF:day1/countAllCaloriesAndSort.ts
FN:3,countAllCaloriesAndSort
FN:7,(anonymous_1)
FN:8,(anonymous_2)
FN:15,(anonymous_3)
FNF:4
FNH:4
FNDA:1,countAllCaloriesAndSort
FNDA:5,(anonymous_1)
FNDA:14,(anonymous_2)
FNDA:7,(anonymous_3)
DA:4,1
DA:5,1
DA:7,1
DA:8,5
DA:9,14
DA:11,5
DA:12,5
DA:14,1
DA:15,7
DA:18,1
LF:10
LH:10
BRF:0
BRH:0
end_of_record
TN:
SF:day1/highestThreeCalories.ts
FN:1,sumHighestThreeCalories
FN:5,(anonymous_1)
FNF:2
FNH:2
FNDA:1,sumHighestThreeCalories
FNDA:3,(anonymous_1)
DA:2,1
DA:4,1
DA:5,1
DA:6,3
DA:9,1
LF:5
LH:5
BRF:0
BRH:0
end_of_record
TN:
SF:day1/parseCalories.ts
FN:3,(anonymous_0)
FN:9,(anonymous_1)
FN:11,(anonymous_2)
FN:12,(anonymous_3)
FNF:4
FNH:4
FNDA:1,(anonymous_0)
FNDA:3,(anonymous_1)
FNDA:3,(anonymous_2)
FNDA:10,(anonymous_3)
DA:3,1
DA:4,1
DA:8,1
DA:9,3
DA:11,1
DA:12,10
LF:6
LH:6
BRF:0
BRH:0
end_of_record
